{
  message: 'Server running in development on 3000',
  level: 'info',
  timestamp: '2024-07-09 12:02:55.331 AM'
}
{
  message: 'Server running in development on 3000',
  level: 'info',
  timestamp: '2024-07-09 07:12:57.113 PM'
}
{
  message: 'Server running in development on 3000',
  level: 'info',
  timestamp: '2024-07-09 07:16:52.654 PM'
}
{
  message: 'Server running in development on 3000',
  level: 'info',
  timestamp: '2024-07-09 07:28:42.236 PM'
}
{
  message: 'Server running in development on 3000',
  level: 'info',
  timestamp: '2024-07-09 07:29:29.493 PM'
}
{
  message: 'Server running in development on 3000',
  level: 'info',
  timestamp: '2024-07-09 07:30:40.977 PM'
}
{
  message: 'Server running in development on 3000',
  level: 'info',
  timestamp: '2024-07-09 07:32:10.670 PM'
}
{
  message: 'Server running in development on 3000',
  level: 'info',
  timestamp: '2024-07-09 07:37:49.631 PM'
}
{
  message: 'Server running in development on 3000',
  level: 'info',
  timestamp: '2024-07-09 07:38:21.471 PM'
}
{
  message: 'Server running in development on 3000',
  level: 'info',
  timestamp: '2024-07-09 07:39:09.808 PM'
}
{
  message: 'Server running in development on 3000',
  level: 'info',
  timestamp: '2024-07-09 07:43:14.790 PM'
}
{
  message: 'Server running in development on 3000',
  level: 'info',
  timestamp: '2024-07-09 07:44:34.770 PM'
}
