{
  message: 'Server running in development on 3000',
  level: 'info',
  timestamp: '2024-07-20 07:30:32.117 PM'
}
{
  message: 'Server running in development on 3000',
  level: 'info',
  timestamp: '2024-07-20 07:32:44.418 PM'
}
{
  message: 'Server running in development on 3000',
  level: 'info',
  timestamp: '2024-07-20 07:33:58.623 PM'
}
{
  message: 'Server running in development on 3000',
  level: 'info',
  timestamp: '2024-07-20 07:34:23.032 PM'
}
{
  message: 'Server running in development on 3000',
  level: 'info',
  timestamp: '2024-07-20 07:36:49.155 PM'
}
{
  message: 'Server running in development on 3000',
  level: 'info',
  timestamp: '2024-07-20 07:37:06.581 PM'
}
{
  message: 'Server running in development on 3000',
  level: 'info',
  timestamp: '2024-07-20 07:37:24.590 PM'
}
{
  message: 'Server running in development on 3000',
  level: 'info',
  timestamp: '2024-07-20 07:38:10.599 PM'
}
{
  message: 'Server running in development on 3000',
  level: 'info',
  timestamp: '2024-07-20 07:44:30.006 PM'
}
{
  message: 'Server running in development on 3000',
  level: 'info',
  timestamp: '2024-07-20 07:45:31.551 PM'
}
{
  message: 'Server running in development on 3000',
  level: 'info',
  timestamp: '2024-07-20 07:46:32.909 PM'
}
{
  message: 'Server running in development on 3000',
  level: 'info',
  timestamp: '2024-07-20 07:47:41.824 PM'
}
{
  message: 'Server running in development on 3000',
  level: 'info',
  timestamp: '2024-07-20 07:47:59.355 PM'
}
{
  message: 'Server running in development on 3000',
  level: 'info',
  timestamp: '2024-07-20 07:55:17.577 PM'
}
{
  message: 'Server running in development on 3000',
  level: 'info',
  timestamp: '2024-07-20 07:59:34.305 PM'
}
{
  message: 'Server running in development on 3000',
  level: 'info',
  timestamp: '2024-07-20 08:02:11.639 PM'
}
{
  message: 'Server running in development on 3000',
  level: 'info',
  timestamp: '2024-07-20 08:04:55.037 PM'
}
{
  message: 'Server running in development on 3000',
  level: 'info',
  timestamp: '2024-07-20 08:06:36.238 PM'
}
{
  message: 'Server running in development on 3000',
  level: 'info',
  timestamp: '2024-07-20 08:07:22.523 PM'
}
{
  message: 'Server running in development on 3000',
  level: 'info',
  timestamp: '2024-07-20 08:14:55.143 PM'
}
{
  message: 'Server running in development on 3000',
  level: 'info',
  timestamp: '2024-07-20 08:16:04.726 PM'
}
{
  message: 'Server running in development on 3000',
  level: 'info',
  timestamp: '2024-07-20 08:17:28.997 PM'
}
{
  message: 'Server running in development on 3000',
  level: 'info',
  timestamp: '2024-07-20 08:25:04.499 PM'
}
{
  message: 'Server running in development on 3000',
  level: 'info',
  timestamp: '2024-07-20 08:25:30.894 PM'
}
{
  message: 'Server running in development on 3000',
  level: 'info',
  timestamp: '2024-07-20 08:52:49.362 PM'
}
{
  message: 'Server running in development on 3000',
  level: 'info',
  timestamp: '2024-07-20 08:58:02.323 PM'
}
{
  message: 'Server running in development on 3000',
  level: 'info',
  timestamp: '2024-07-20 08:59:30.890 PM'
}
{
  message: 'Server running in development on 3000',
  level: 'info',
  timestamp: '2024-07-20 09:00:20.463 PM'
}
{
  message: 'Server running in development on 3000',
  level: 'info',
  timestamp: '2024-07-20 09:01:46.629 PM'
}
{
  message: 'Server running in development on 3000',
  level: 'info',
  timestamp: '2024-07-20 09:02:44.313 PM'
}
{
  message: 'Server running in development on 3000',
  level: 'info',
  timestamp: '2024-07-20 09:04:02.907 PM'
}
{
  message: 'Server running in development on 3000',
  level: 'info',
  timestamp: '2024-07-20 09:05:01.530 PM'
}
{
  message: 'Server running in development on 3000',
  level: 'info',
  timestamp: '2024-07-20 09:06:15.512 PM'
}
{
  message: 'Server running in development on 3000',
  level: 'info',
  timestamp: '2024-07-20 09:07:34.824 PM'
}
{
  message: 'Server running in development on 3000',
  level: 'info',
  timestamp: '2024-07-20 09:11:20.670 PM'
}
{
  message: 'Server running in development on 3000',
  level: 'info',
  timestamp: '2024-07-20 09:12:50.724 PM'
}
