{
  message: 'Server running in development on 3000',
  level: 'info',
  timestamp: '2024-07-06 12:40:47.675 AM'
}
{
  message: 'Server running in development on 3000',
  level: 'info',
  timestamp: '2024-07-06 12:44:38.972 AM'
}
{
  message: "email was not sent: Error: ENOENT: no such file or directory, open 'C:\\Users\\Admin\\Desktop\\Projects\\mern-project\\backend\\utils\\email\\template\\accountVerification.hadlebars'",
  level: 'error',
  timestamp: '2024-07-06 12:50:03.240 AM'
}
{
  message: 'Server running in development on 3000',
  level: 'info',
  timestamp: '2024-07-06 12:51:58.979 AM'
}
{
  message: 'Server running in development on 3000',
  level: 'info',
  timestamp: '2024-07-06 12:56:31.440 AM'
}
{
  message: "email was not sent: Error: ENOENT: no such file or directory, open 'C:\\Users\\Admin\\Desktop\\Projects\\mern-project\\backend\\utils\\email\\template\\accountVerification.hadlebars'",
  level: 'error',
  timestamp: '2024-07-06 12:58:22.756 AM'
}
{
  message: "email was not sent: Error: ENOENT: no such file or directory, open 'C:\\Users\\Admin\\Desktop\\Projects\\mern-project\\backend\\utils\\email\\template\\accountVerification.hadlebars'",
  level: 'error',
  timestamp: '2024-07-06 01:00:29.572 AM'
}
{
  message: "email was not sent: Error: ENOENT: no such file or directory, open 'C:\\Users\\Admin\\Desktop\\Projects\\mern-project\\backend\\utils\\email\\template\\accountVerification.hadlebars'",
  level: 'error',
  timestamp: '2024-07-06 01:17:57.024 AM'
}
{
  message: 'Server running in development on 3000',
  level: 'info',
  timestamp: '2024-07-06 01:26:49.841 AM'
}
{
  message: 'email was not sent: TypeError: transporter.sendEmail is not a function',
  level: 'error',
  timestamp: '2024-07-06 01:27:56.469 AM'
}
{
  message: 'Server running in development on 3000',
  level: 'info',
  timestamp: '2024-07-06 01:29:13.763 AM'
}
{
  message: 'Server running in development on 3000',
  level: 'info',
  timestamp: '2024-07-06 01:30:41.689 AM'
}
{
  message: 'Server running in development on 3000',
  level: 'info',
  timestamp: '2024-07-06 01:32:05.009 AM'
}
{
  message: 'email was not sent: TypeError: transporter.sendEmail is not a function',
  level: 'error',
  timestamp: '2024-07-06 01:38:22.541 AM'
}
{
  message: 'Server running in development on 3000',
  level: 'info',
  timestamp: '2024-07-06 01:47:44.862 AM'
}
{
  message: 'email was not sent: Error: connect ECONNREFUSED 127.0.0.1:1025',
  level: 'error',
  timestamp: '2024-07-06 01:50:20.048 AM'
}
{
  message: 'Server running in development on 3000',
  level: 'info',
  timestamp: '2024-07-06 02:02:01.469 AM'
}
{
  message: 'Server running in development on 3000',
  level: 'info',
  timestamp: '2024-07-06 02:02:40.458 AM'
}
{
  message: 'Server running in development on 3000',
  level: 'info',
  timestamp: '2024-07-06 02:03:22.607 AM'
}
{
  message: 'Server running in development on 3000',
  level: 'info',
  timestamp: '2024-07-06 02:03:49.457 AM'
}
{
  message: 'Server running in development on 3000',
  level: 'info',
  timestamp: '2024-07-06 02:04:21.079 AM'
}
{
  message: 'Server running in development on 3000',
  level: 'info',
  timestamp: '2024-07-06 02:04:33.182 AM'
}
{
  message: 'Server running in development on 3000',
  level: 'info',
  timestamp: '2024-07-06 02:07:25.747 AM'
}
{
  message: 'Server running in development on 3000',
  level: 'info',
  timestamp: '2024-07-06 02:08:56.197 AM'
}
