{
  message: 'Server running in development on 3000',
  level: 'info',
  timestamp: '2024-07-08 12:01:17.420 AM'
}
{
  message: 'Server running in development on 3000',
  level: 'info',
  timestamp: '2024-07-08 12:08:18.656 AM'
}
{
  message: 'Server running in development on 3000',
  level: 'info',
  timestamp: '2024-07-08 12:08:57.860 AM'
}
{
  message: 'Server running in development on 3000',
  level: 'info',
  timestamp: '2024-07-08 12:17:34.505 AM'
}
{
  message: "email was not sent: Error: ENOENT: no such file or directory, open 'C:\\Users\\Admin\\Desktop\\Projects\\mern-project\\backend\\utils\\emails\\template\\accountVerification.handlebars'",
  level: 'error',
  timestamp: '2024-07-08 12:17:50.555 AM'
}
{
  message: 'Server running in development on 3000',
  level: 'info',
  timestamp: '2024-07-08 12:20:10.021 AM'
}
{
  message: 'Server running in development on 3000',
  level: 'info',
  timestamp: '2024-07-08 12:23:07.578 AM'
}
{
  message: 'Server running in development on 3000',
  level: 'info',
  timestamp: '2024-07-08 12:23:27.088 AM'
}
{
  message: 'Server running in development on 3000',
  level: 'info',
  timestamp: '2024-07-08 12:23:50.056 AM'
}
{
  message: 'Server running in development on 3000',
  level: 'info',
  timestamp: '2024-07-08 12:37:19.032 AM'
}
{
  message: 'Server running in development on 3000',
  level: 'info',
  timestamp: '2024-07-08 12:37:33.810 AM'
}
{
  message: 'Server running in development on 3000',
  level: 'info',
  timestamp: '2024-07-08 06:11:28.125 PM'
}
{
  message: 'Server running in development on 3000',
  level: 'info',
  timestamp: '2024-07-08 06:14:36.997 PM'
}
{
  message: 'Server running in development on 3000',
  level: 'info',
  timestamp: '2024-07-08 06:22:22.852 PM'
}
{
  message: 'Server running in development on 3000',
  level: 'info',
  timestamp: '2024-07-08 06:23:47.283 PM'
}
{
  message: 'Server running in development on 3000',
  level: 'info',
  timestamp: '2024-07-08 07:01:29.081 PM'
}
{
  message: 'Server running in development on 3000',
  level: 'info',
  timestamp: '2024-07-08 07:01:33.620 PM'
}
{
  message: 'Server running in development on 3000',
  level: 'info',
  timestamp: '2024-07-08 07:01:47.018 PM'
}
{
  message: 'Server running in development on 3000',
  level: 'info',
  timestamp: '2024-07-08 07:01:52.605 PM'
}
{
  message: 'Server running in development on 3000',
  level: 'info',
  timestamp: '2024-07-08 07:01:56.700 PM'
}
{
  message: 'Server running in development on 3000',
  level: 'info',
  timestamp: '2024-07-08 07:02:01.441 PM'
}
{
  message: 'Server running in development on 3000',
  level: 'info',
  timestamp: '2024-07-08 07:02:08.388 PM'
}
