{
  message: 'Server running in development on 3000',
  level: 'info',
  timestamp: '2024-07-14 12:14:43.885 PM'
}
{
  message: 'Server running in development on 3000',
  level: 'info',
  timestamp: '2024-07-14 12:16:40.686 PM'
}
{
  message: 'Server running in development on 3000',
  level: 'info',
  timestamp: '2024-07-14 12:17:41.964 PM'
}
{
  message: 'Server running in development on 3000',
  level: 'info',
  timestamp: '2024-07-14 12:18:24.518 PM'
}
{
  message: 'Server running in development on 3000',
  level: 'info',
  timestamp: '2024-07-14 12:18:33.730 PM'
}
{
  message: 'Server running in development on 3000',
  level: 'info',
  timestamp: '2024-07-14 12:18:55.278 PM'
}
{
  message: 'Server running in development on 3000',
  level: 'info',
  timestamp: '2024-07-14 12:19:24.193 PM'
}
{
  message: 'Server running in development on 3000',
  level: 'info',
  timestamp: '2024-07-14 12:19:39.774 PM'
}
{
  message: 'Server running in development on 3000',
  level: 'info',
  timestamp: '2024-07-14 12:20:01.689 PM'
}
{
  message: 'Server running in development on 3000',
  level: 'info',
  timestamp: '2024-07-14 12:20:13.507 PM'
}
{
  message: 'Server running in development on 3000',
  level: 'info',
  timestamp: '2024-07-14 12:20:45.319 PM'
}
{
  message: 'Server running in development on 3000',
  level: 'info',
  timestamp: '2024-07-14 12:21:06.204 PM'
}
{
  message: 'Server running in development on 3000',
  level: 'info',
  timestamp: '2024-07-14 12:21:10.857 PM'
}
{
  message: 'Server running in development on 3000',
  level: 'info',
  timestamp: '2024-07-14 12:21:25.591 PM'
}
{
  message: 'Server running in development on 3000',
  level: 'info',
  timestamp: '2024-07-14 12:24:54.598 PM'
}
{
  message: 'Server running in development on 3000',
  level: 'info',
  timestamp: '2024-07-14 12:25:13.390 PM'
}
{
  message: 'Server running in development on 3000',
  level: 'info',
  timestamp: '2024-07-14 12:25:30.589 PM'
}
{
  message: 'Server running in development on 3000',
  level: 'info',
  timestamp: '2024-07-14 12:25:47.407 PM'
}
{
  message: 'Server running in development on 3000',
  level: 'info',
  timestamp: '2024-07-14 12:25:52.685 PM'
}
{
  message: 'Server running in development on 3000',
  level: 'info',
  timestamp: '2024-07-14 12:26:08.189 PM'
}
{
  message: 'Server running in development on 3000',
  level: 'info',
  timestamp: '2024-07-14 12:26:24.255 PM'
}
{
  message: 'Server running in development on 3000',
  level: 'info',
  timestamp: '2024-07-14 12:26:33.460 PM'
}
{
  message: 'Server running in development on 3000',
  level: 'info',
  timestamp: '2024-07-14 12:26:41.625 PM'
}
{
  message: 'Server running in development on 3000',
  level: 'info',
  timestamp: '2024-07-14 12:26:50.685 PM'
}
{
  message: 'Server running in development on 3000',
  level: 'info',
  timestamp: '2024-07-14 12:26:54.662 PM'
}
{
  message: 'Server running in development on 3000',
  level: 'info',
  timestamp: '2024-07-14 12:27:10.994 PM'
}
{
  message: 'Server running in development on 3000',
  level: 'info',
  timestamp: '2024-07-14 12:27:32.524 PM'
}
{
  message: 'Server running in development on 3000',
  level: 'info',
  timestamp: '2024-07-14 12:27:46.891 PM'
}
{
  message: 'Server running in development on 3000',
  level: 'info',
  timestamp: '2024-07-14 12:27:53.948 PM'
}
{
  message: 'Server running in development on 3000',
  level: 'info',
  timestamp: '2024-07-14 12:28:38.547 PM'
}
{
  message: 'Server running in development on 3000',
  level: 'info',
  timestamp: '2024-07-14 12:32:22.451 PM'
}
{
  message: 'Server running in development on 3000',
  level: 'info',
  timestamp: '2024-07-14 12:32:55.098 PM'
}
{
  message: 'Server running in development on 3000',
  level: 'info',
  timestamp: '2024-07-14 12:33:19.825 PM'
}
{
  message: 'Server running in development on 3000',
  level: 'info',
  timestamp: '2024-07-14 12:34:00.687 PM'
}
{
  message: 'Server running in development on 3000',
  level: 'info',
  timestamp: '2024-07-14 12:34:26.015 PM'
}
{
  message: 'Server running in development on 3000',
  level: 'info',
  timestamp: '2024-07-14 12:43:09.019 PM'
}
{
  message: 'Server running in development on 3000',
  level: 'info',
  timestamp: '2024-07-14 12:43:23.535 PM'
}
{
  message: 'Server running in development on 3000',
  level: 'info',
  timestamp: '2024-07-14 12:44:21.857 PM'
}
{
  message: 'Server running in development on 3000',
  level: 'info',
  timestamp: '2024-07-14 12:44:31.816 PM'
}
{
  message: 'Server running in development on 3000',
  level: 'info',
  timestamp: '2024-07-14 12:45:16.115 PM'
}
{
  message: 'Server running in development on 3000',
  level: 'info',
  timestamp: '2024-07-14 12:45:21.661 PM'
}
{
  message: 'Server running in development on 3000',
  level: 'info',
  timestamp: '2024-07-14 12:45:26.632 PM'
}
{
  message: 'Server running in development on 3000',
  level: 'info',
  timestamp: '2024-07-14 12:48:23.007 PM'
}
{
  message: 'Server running in development on 3000',
  level: 'info',
  timestamp: '2024-07-14 12:48:42.368 PM'
}
{
  message: 'Server running in development on 3000',
  level: 'info',
  timestamp: '2024-07-14 12:49:26.104 PM'
}
{
  message: 'Server running in development on 3000',
  level: 'info',
  timestamp: '2024-07-14 12:49:32.800 PM'
}
{
  message: 'Server running in development on 3000',
  level: 'info',
  timestamp: '2024-07-14 12:49:37.306 PM'
}
{
  message: 'Server running in development on 3000',
  level: 'info',
  timestamp: '2024-07-14 12:49:43.577 PM'
}
{
  message: 'Server running in development on 3000',
  level: 'info',
  timestamp: '2024-07-14 12:50:03.226 PM'
}
{
  message: 'Server running in development on 3000',
  level: 'info',
  timestamp: '2024-07-14 12:57:08.379 PM'
}
{
  message: 'Server running in development on 3000',
  level: 'info',
  timestamp: '2024-07-14 12:57:16.289 PM'
}
{
  message: 'Server running in development on 3000',
  level: 'info',
  timestamp: '2024-07-14 12:57:20.619 PM'
}
{
  message: 'Server running in development on 3000',
  level: 'info',
  timestamp: '2024-07-14 12:57:31.238 PM'
}
{
  message: 'Server running in development on 3000',
  level: 'info',
  timestamp: '2024-07-14 10:17:11.640 PM'
}
{
  message: 'Server running in development on 3000',
  level: 'info',
  timestamp: '2024-07-14 10:28:12.792 PM'
}
{
  message: 'Server running in development on 3000',
  level: 'info',
  timestamp: '2024-07-14 10:31:47.618 PM'
}
{
  message: 'Server running in development on 3000',
  level: 'info',
  timestamp: '2024-07-14 10:33:18.095 PM'
}
{
  message: 'Server running in development on 3000',
  level: 'info',
  timestamp: '2024-07-14 10:34:37.560 PM'
}
{
  message: 'Server running in development on 3000',
  level: 'info',
  timestamp: '2024-07-14 11:18:11.419 PM'
}
{
  message: 'Server running in development on 3000',
  level: 'info',
  timestamp: '2024-07-14 11:23:09.303 PM'
}
{
  message: 'Server running in development on 3000',
  level: 'info',
  timestamp: '2024-07-14 11:25:01.395 PM'
}
{
  message: 'Server running in development on 3000',
  level: 'info',
  timestamp: '2024-07-14 11:26:14.706 PM'
}
{
  message: 'Server running in development on 3000',
  level: 'info',
  timestamp: '2024-07-14 11:26:36.776 PM'
}
{
  message: 'Server running in development on 3000',
  level: 'info',
  timestamp: '2024-07-14 11:27:17.162 PM'
}
{
  message: 'Server running in development on 3000',
  level: 'info',
  timestamp: '2024-07-14 11:28:24.028 PM'
}
{
  message: 'Server running in development on 3000',
  level: 'info',
  timestamp: '2024-07-14 11:29:37.915 PM'
}
{
  message: 'Server running in development on 3000',
  level: 'info',
  timestamp: '2024-07-14 11:31:40.791 PM'
}
{
  message: 'Server running in development on 3000',
  level: 'info',
  timestamp: '2024-07-14 11:35:08.199 PM'
}
{
  message: 'Server running in development on 3000',
  level: 'info',
  timestamp: '2024-07-14 11:36:11.139 PM'
}
{
  message: 'Server running in development on 3000',
  level: 'info',
  timestamp: '2024-07-14 11:39:04.352 PM'
}
{
  message: 'Server running in development on 3000',
  level: 'info',
  timestamp: '2024-07-14 11:41:47.469 PM'
}
{
  message: 'Server running in development on 3000',
  level: 'info',
  timestamp: '2024-07-14 11:43:54.172 PM'
}
{
  message: 'Server running in development on 3000',
  level: 'info',
  timestamp: '2024-07-14 11:58:07.965 PM'
}
{
  message: 'Server running in development on 3000',
  level: 'info',
  timestamp: '2024-07-14 11:58:44.502 PM'
}
