{
  message: 'Server running in development on 3000',
  level: 'info',
  timestamp: '2024-07-10 11:48:01.807 AM'
}
{
  message: 'Server running in development on 3000',
  level: 'info',
  timestamp: '2024-07-10 12:26:10.623 PM'
}
{
  message: 'Server running in development on 3000',
  level: 'info',
  timestamp: '2024-07-10 12:27:35.783 PM'
}
{
  message: 'Server running in development on 3000',
  level: 'info',
  timestamp: '2024-07-10 12:31:56.247 PM'
}
{
  message: 'Server running in development on 3000',
  level: 'info',
  timestamp: '2024-07-10 12:32:34.990 PM'
}
{
  message: 'Server running in development on 3000',
  level: 'info',
  timestamp: '2024-07-10 12:46:28.363 PM'
}
{
  message: 'Server running in development on 3000',
  level: 'info',
  timestamp: '2024-07-10 12:48:12.562 PM'
}
{
  message: 'Server running in development on 3000',
  level: 'info',
  timestamp: '2024-07-10 12:48:33.397 PM'
}
