{
  message: 'Server running in development on 3000',
  level: 'info',
  timestamp: '2024-07-15 12:00:06.628 AM'
}
{
  message: 'Server running in development on 3000',
  level: 'info',
  timestamp: '2024-07-15 12:00:52.829 AM'
}
{
  message: 'Server running in development on 3000',
  level: 'info',
  timestamp: '2024-07-15 12:01:59.268 AM'
}
{
  message: 'Server running in development on 3000',
  level: 'info',
  timestamp: '2024-07-15 12:02:19.229 AM'
}
{
  message: 'Server running in development on 3000',
  level: 'info',
  timestamp: '2024-07-15 12:04:10.186 AM'
}
{
  message: 'Server running in development on 3000',
  level: 'info',
  timestamp: '2024-07-15 12:05:17.869 AM'
}
{
  message: 'Server running in development on 3000',
  level: 'info',
  timestamp: '2024-07-15 12:05:34.448 AM'
}
{
  message: 'Server running in development on 3000',
  level: 'info',
  timestamp: '2024-07-15 12:08:10.920 AM'
}
{
  message: 'Server running in development on 3000',
  level: 'info',
  timestamp: '2024-07-15 12:09:24.246 AM'
}
{
  message: 'Server running in development on 3000',
  level: 'info',
  timestamp: '2024-07-15 12:10:55.276 AM'
}
