{
  message: 'Server running in production on 3000',
  level: 'info',
  timestamp: '2024-07-21 01:20:47.868 PM'
}
{
  message: 'Server running in production on 3000',
  level: 'info',
  timestamp: '2024-07-21 02:35:19.057 PM'
}
{
  message: 'Server running in production on 3000',
  level: 'info',
  timestamp: '2024-07-21 02:41:33.027 PM'
}
{
  message: 'Server running in production on 3000',
  level: 'info',
  timestamp: '2024-07-21 02:51:19.321 PM'
}
{
  message: 'Server running in production on 3000',
  level: 'info',
  timestamp: '2024-07-21 02:51:29.680 PM'
}
{
  message: 'Server running in production on 3000',
  level: 'info',
  timestamp: '2024-07-21 02:51:39.970 PM'
}
{
  message: 'Server running in production on 3000',
  level: 'info',
  timestamp: '2024-07-21 02:51:46.198 PM'
}
{
  message: 'Server running in production on 3000',
  level: 'info',
  timestamp: '2024-07-21 02:55:31.428 PM'
}
{
  message: 'Server running in production on 3000',
  level: 'info',
  timestamp: '2024-07-21 02:55:36.409 PM'
}
{
  message: 'Server running in production on 3000',
  level: 'info',
  timestamp: '2024-07-21 02:55:46.302 PM'
}
{
  message: 'Server running in production on 3000',
  level: 'info',
  timestamp: '2024-07-21 02:55:48.582 PM'
}
{
  message: 'Server running in production on 3000',
  level: 'info',
  timestamp: '2024-07-21 03:03:12.930 PM'
}
{
  message: 'Server running in production on 3000',
  level: 'info',
  timestamp: '2024-07-21 03:05:44.268 PM'
}
{
  message: 'Server running in production on 3000',
  level: 'info',
  timestamp: '2024-07-21 03:07:53.126 PM'
}
{
  message: 'Server running in production on 3000',
  level: 'info',
  timestamp: '2024-07-21 03:08:00.454 PM'
}
{
  message: 'Server running in production on 3000',
  level: 'info',
  timestamp: '2024-07-21 03:08:55.027 PM'
}
{
  message: 'Server running in production on 3000',
  level: 'info',
  timestamp: '2024-07-21 03:08:57.295 PM'
}
{
  message: 'Server running in production on 3000',
  level: 'info',
  timestamp: '2024-07-21 03:09:02.802 PM'
}
{
  message: 'Server running in production on 3000',
  level: 'info',
  timestamp: '2024-07-21 03:14:38.290 PM'
}
{
  message: 'Server running in production on 3000',
  level: 'info',
  timestamp: '2024-07-21 03:14:39.941 PM'
}
{
  message: 'Server running in production on 3000',
  level: 'info',
  timestamp: '2024-07-21 03:14:43.318 PM'
}
{
  message: 'Server running in production on 3000',
  level: 'info',
  timestamp: '2024-07-21 03:14:45.062 PM'
}
{
  message: 'Server running in production on 3000',
  level: 'info',
  timestamp: '2024-07-21 03:14:51.107 PM'
}
{
  message: 'Server running in production on 3000',
  level: 'info',
  timestamp: '2024-07-21 03:14:53.514 PM'
}
{
  message: 'Server running in production on 3000',
  level: 'info',
  timestamp: '2024-07-21 03:31:25.265 PM'
}
{
  message: 'Server running in production on 3000',
  level: 'info',
  timestamp: '2024-07-21 03:31:36.187 PM'
}
{
  message: 'Server running in production on 3000',
  level: 'info',
  timestamp: '2024-07-21 03:32:19.169 PM'
}
{
  message: 'Server running in production on 3000',
  level: 'info',
  timestamp: '2024-07-21 03:35:08.455 PM'
}
{
  message: "email was not sent: Error: ENOENT: no such file or directory, open 'D:\\Projects\\fullstack-blog\\backend\\utils\\emails\\template\\welcome.handlebars'",
  level: 'error',
  timestamp: '2024-07-21 04:54:39.644 PM'
}
