{
  message: "email was not sent: Error: ENOENT: no such file or directory, open 'C:\\Users\\Admin\\Desktop\\Projects\\mern-project\\backend\\utils\\email\\template\\accountVerification.hadlebars'",
  level: 'error',
  timestamp: '2024-07-06 12:50:03.240 AM'
}
{
  message: "email was not sent: Error: ENOENT: no such file or directory, open 'C:\\Users\\Admin\\Desktop\\Projects\\mern-project\\backend\\utils\\email\\template\\accountVerification.hadlebars'",
  level: 'error',
  timestamp: '2024-07-06 12:58:22.756 AM'
}
{
  message: "email was not sent: Error: ENOENT: no such file or directory, open 'C:\\Users\\Admin\\Desktop\\Projects\\mern-project\\backend\\utils\\email\\template\\accountVerification.hadlebars'",
  level: 'error',
  timestamp: '2024-07-06 01:00:29.572 AM'
}
{
  message: "email was not sent: Error: ENOENT: no such file or directory, open 'C:\\Users\\Admin\\Desktop\\Projects\\mern-project\\backend\\utils\\email\\template\\accountVerification.hadlebars'",
  level: 'error',
  timestamp: '2024-07-06 01:17:57.024 AM'
}
{
  message: 'email was not sent: TypeError: transporter.sendEmail is not a function',
  level: 'error',
  timestamp: '2024-07-06 01:27:56.469 AM'
}
{
  message: 'email was not sent: TypeError: transporter.sendEmail is not a function',
  level: 'error',
  timestamp: '2024-07-06 01:38:22.541 AM'
}
{
  message: 'email was not sent: Error: connect ECONNREFUSED 127.0.0.1:1025',
  level: 'error',
  timestamp: '2024-07-06 01:50:20.048 AM'
}
{
  message: "email was not sent: Error: ENOENT: no such file or directory, open 'C:\\Users\\Admin\\Desktop\\Projects\\mern-project\\backend\\utils\\emails\\template\\accountVerification.handlebars'",
  level: 'error',
  timestamp: '2024-07-08 12:17:50.555 AM'
}
